[2026-04-02] ZXL Compression Project — Day 2
============================================================

## Session Summary

### Bugs Fixed

1. **Format string warnings (main.c)**
   - `%zu` not recognized by MinGW's printf on Windows
   - Fixed: cast `size_t` values to `(unsigned long long)` and use `%llu`

2. **Makefile Windows `.exe` extension**
   - GCC on Windows produces `zxl.exe`, not `zxl`
   - Fixed: added `ifeq ($(OS),Windows_NT)` detection, TARGET = `zxl$(EXE)`

3. **rANS encoder payload reversal (zxl_rans.c) — CRITICAL**
   - `rans_encode` reversed the payload bytes [4..enc_len) after memmove
   - This corrupted the byte order the decoder expects
   - Root cause: rANS encodes symbols in reverse; the renorm bytes emitted for
     the first symbol land at the lowest addresses (just after state), and the
     decoder reads them forward — no reversal is needed
   - Fix: removed the reversal loop; memmove already puts bytes in decode order

4. **Decoded stream lengths not stored in block header (zxl_codec.c) — CRITICAL**
   - `rans_decode` requires the exact number of symbols to decode
   - The decoder was using `uncomp_size * 8` as a loose upper bound,
     causing it to over-decode and produce garbage
   - Fix: added `tok_dec_len` and `lit_dec_len` (uint32_t each) to the block
     header (now 20 bytes instead of 12 before the frequency tables)

### First Successful Test Results

Round-trip test on zxl.exe:
  Input       : 73,272 bytes
  Compressed  : 47,583 bytes  (64.94%)

Benchmark on zxl.exe:
  Ratio       : 0.6494  (64.94%)
  Compress    : 13.5 MB/s
  Decompress  : 196.1 MB/s

### Status
- [x] Compile and test on real data — DONE
- [x] Fix Windows Makefile (.exe extension)
- [x] Fix printf format strings for MinGW
- [x] Fix rANS payload reversal bug
- [x] Fix decoded stream length not stored in block header
- [ ] Benchmark vs zstd / lz4
- [ ] Tune hash table parameters / block size / match cost model

============================================================
