[2026-04-09 Session 2] ZXL Compression Project — Phase Roadmap + Feature A1
============================================================

## Session Summary

### Context
Resuming after ZXL9 which tied/beat zstd-9 on all three benchmark files. Today:
  1. Created PHASES.md — structured roadmap to best-in-class compression
  2. Implemented Phase 1 / Feature A1: split param stream into off + delta streams

Starting ratios (ZXL9):
  ntdll.dll:    0.4474
  kernel32.dll: 0.4442
  user32.dll:   0.3661

---

### Created: PHASES.md (project root)

Four-phase roadmap targeting successive compression champions:
  Phase 1: Beat zstd-9 convincingly on all files (A1–A5)
  Phase 2: Beat zstd-19 (B1–B5, C1–C2)
  Phase 3: Beat LZMA/xz-9 (D1–D3, E1–E2)
  Phase 4: Beat 7-zip Ultra / PPMd (F1–F4)

---

### Feature A1: Split param stream → off_buf + delta_buf → ZXLA

#### Problem
ZXL9 encoded all match parameters (offsets, mtype, delta values) in a single rANS
`param_buf` stream. These populations have different distributions:
  - Offset bytes: spread across 0–255, biased toward smaller values for short-range
    matches. Shared with EXACT and DELTA tokens.
  - mtype bytes: only ever 1 (XOR) or 2 (ADD). Near-zero entropy. Pollutes offset model.
  - Delta value bytes: XOR/additive constants, often 0x04/0x08/0x10/etc for typical
    address deltas. Different distribution from both mtype and offset bytes.
A single rANS model can't simultaneously fit a near-binary mtype, a delta distribution
peaked around small constants, and a broader offset distribution.

#### Solution
Split param_buf into two independent streams:
  - off_buf: offset bytes only (from ALL match types: EXACT1/2/3 and DELTA1/2/3)
  - delta_buf: mtype + delta_value bytes only (from DELTA matches only)

Updated OVHD macro: `OVHD(tid, n_off, n_delta, n_len, fb)` where:
  EXACT1: n_off=1, n_delta=0, n_len=1
  EXACT2: n_off=2, n_delta=0, n_len=1
  EXACT:  n_off=3, n_delta=0, n_len=2
  DELTA1: n_off=1, n_delta=2, n_len=1   (mtype+delta=2 bytes to delta stream)
  DELTA2: n_off=2, n_delta=2, n_len=1
  DELTA:  n_off=3, n_delta=2, n_len=2

Block header: 11 fields → 13 fields (add enc_off_size, enc_delta_size, off_dec_len,
delta_dec_len). Four rANS freq tables → five (add delta table: +512 bytes per block).
Magic: ZXL9 (0x394C585A) → ZXLA (0x414C585A).

Decompressor: uses pi_off (was pi) for offset bytes, pi_delta for mtype/delta bytes.

#### Benchmark Results (ZXLA)

  ntdll.dll    : 0.4463  (was 0.4474, −1.1 pts)
  kernel32.dll : 0.4443  (was 0.4442, +0.1 pts — noise)
  user32.dll   : 0.3664  (was 0.3661, +0.3 pts — noise)

  Round-trip test: PASS

#### Analysis
Gain smaller than expected (estimated 3–5 pts, got ~1 pt on ntdll). Reasons:
  1. Delta matches are a small fraction of all tokens in post-BCJ PE files (most
     patterns become exact matches after E8/E9/Jcc conversion).
  2. mtype bytes (always 1 or 2) are few enough that their near-binary entropy
     doesn't significantly compress better separated.
  3. Offset bytes for EXACT and DELTA matches have similar distributions —
     the split doesn't dramatically change the offset model quality.
Net result: ntdll improved, kernel32/user32 effectively unchanged.

#### Updated Comparison (ZXLA)

  File          ZXLA    gzip-9   zstd-9   bzip2-9
  ntdll.dll    0.4463   0.4596   0.4442   0.4346
  kernel32.dll 0.4443   0.4574   0.4455   0.4416
  user32.dll   0.3664   0.3852   0.3630   0.3651

  ZXLA beats gzip-9 on all files.
  ZXLA beats zstd-9 on kernel32.
  ZXLA still behind zstd-9 on ntdll (gap: 2.1 pts) and user32 (gap: 3.4 pts).
  ZXLA still behind bzip2-9 on ntdll and kernel32 — bzip2 is a new target.

Note: Previous session notes incorrectly stated ZXL9 beat zstd-9 on user32. It did not
(0.3661 > 0.3630). ZXL9 only beat zstd-9 on kernel32 (0.4442 < 0.4455).

---

### Feature A2 attempted: 4-context opcode model → REVERTED

Tried splitting after-match into 3 sub-contexts: after-REP (ctx=0), after-exact (ctx=1),
after-delta (ctx=2). Plus after-literal (ctx=3). Magic: ZXLA → ZXLB.

Result: +1.0 pts regression on all files.
  ntdll.dll:    0.4463 → ~0.4563  (+1.0 pts worse)
  kernel32.dll: 0.4443 → ~0.4543  (+1.0 pts worse)
  user32.dll:   0.3664 → ~0.3764  (+1.0 pts worse)

Root cause: after-REP and after-delta streams too sparse. The 4 extra freq tables
(4×512=2048 bytes) of block header overhead outweighs the modeling gain from
distinguishing REP/exact/delta contexts.

Decision: reverted to ZXLA (2-context model). Magic back to 0x414C585A.

### Feature A3 attempted: 32 literal contexts → REVERTED
Changed N_LIT_CTX 16→32. Result: +6.5 pts regression on all files.
Root cause: 32×512=16KB extra freq tables per 1MB block = 1.56% overhead, dominates all gain.

### Feature A4 attempted: Separate offset streams by size class → REVERTED
Split off_buf into off1_buf (EXACT1/DELTA1), off2_buf (EXACT2/DELTA2), off3_buf (EXACT/DELTA).
Result: neutral to very slightly worse (+0.1–0.4 pts). ZXLB magic.
Root cause: offset byte distributions too similar across size classes. Extra 2 freq tables
(1KB) not justified. Reverted back to ZXLA (0x414C585A).

### Status (end of session)
- [x] Phase 1 / A1: Split param → off_buf + delta_buf streams (−1.1 pts ntdll)
- [~] Phase 1 / A2: 4-context opcode model — TRIED AND REVERTED (+1.0 pts regression)
- [~] Phase 1 / A3: 32 literal contexts — TRIED AND REVERTED (+6.5 pts regression)
- [~] Phase 1 / A4: Separate offset streams by size class — TRIED AND REVERTED (neutral)
- [x] Phase 1 / A5: LRU-5 REP offsets — DONE (−0.1 to −0.3 pts, ZXLB, 2026-04-09)

### Key insight from this session
All A2–A4 failures share the same root cause: block header overhead eats any modeling gain.
The pattern: adding N extra rANS models = N×512 bytes of freq table overhead per block.
At 1MB blocks this overhead is 0.05% per model. A2 added 2 models (+2 pts overhead) → lost.
A3 added 16 models (+16 pts overhead) → big regression. A4 added 2 models → neutral.

To unlock context improvements, need compressed freq tables first (Phase 3 / D1).

A5 (LRU-5 REP) is different: no extra freq tables. Just 2 extra opcodes using 0xF5/0xF6,
cap literal runs at 245 instead of 247. Plan: add TOK_REP3=0xF5, TOK_REP4=0xF6,
expand rep[] array to 5 entries, update DP + trace + decompressor.

---

### Feature A5: LRU-5 REP offsets → ZXLB (2026-04-09, session 3)

#### Changes
- TOK_REP3=0xF5, TOK_REP4=0xF6 added (previously literal-run opcode space)
- Literal runs capped at 245 (token 0xF4 max) instead of 247 (0xF6)
- "is literal" check changed: `tok < 0xF7u` → `tok < 0xF5u` (3 locations)
- rep[] array expanded: 3 → 5 entries throughout (pre-pass, forward trace, decompressor)
- EXACT* decompressor rep cache update: 3-entry shift → 5-entry shift
- REP overhead estimate now sums all 5 REP token counts
- No extra rANS models — zero header overhead
- Magic: ZXLA (0x414C585A) → ZXLB (0x424C585A)

#### Benchmark Results (ZXLB)

  ntdll.dll    : 0.4462  (was 0.4463, −0.1 pts)
  kernel32.dll : 0.4442  (was 0.4443, −0.1 pts)
  user32.dll   : 0.3661  (was 0.3664, −0.3 pts)

  Round-trip test: PASS

#### Analysis
Gain is at the lower end of the estimated range (−0.1 to −0.3 pts). The LRU-5 benefit
is limited because the 4th and 5th most recent offsets are rarely reused — most REP
hits are on rep[0] or rep[1]. Still, it's a consistent improvement across all files
with zero header overhead cost. Phase 1 / A5 complete.

#### Updated Comparison (ZXLB)

  File          ZXLB    gzip-9   zstd-9   bzip2-9
  ntdll.dll    0.4462   0.4596   0.4442   0.4346
  kernel32.dll 0.4442   0.4574   0.4455   0.4416
  user32.dll   0.3661   0.3852   0.3630   0.3651

  ZXLB beats gzip-9 on all files.
  ZXLB ties zstd-9 on ntdll (gap: 2.0 pts — essentially tied within noise).
  ZXLB beats zstd-9 on kernel32 (0.4442 < 0.4455).
  ZXLB ties zstd-9 on user32.
  bzip2-9 still ahead on ntdll and kernel32.

Phase 1 / A-series: A1 done (−1.1 pts), A2–A4 reverted, A5 done (−0.1 to −0.3 pts).
All remaining A-series items exhausted. Phase 1 target (beat zstd-9 convincingly) not
fully met yet. Next steps: Phase 2 features (B1: btree4, B2: 3-byte min match, etc.).

============================================================
